#
# A fatal error has been detected by the Java Runtime Environment:
#
#  EXCEPTION_ACCESS_VIOLATION (0xc0000005) at pc=0x00007ffd8a7a1968, pid=4908, tid=17548
#
# JRE version: Java(TM) SE Runtime Environment (18.0.2+9) (build 18.0.2+9-61)
# Java VM: Java HotSpot(TM) 64-Bit Server VM (18.0.2+9-61, mixed mode, sharing, tiered, compressed oops, compressed class ptrs, g1 gc, windows-amd64)
# Problematic frame:
# V  [jvm.dll+0x401968]
#
# No core dump will be written. Minidumps are not enabled by default on client versions of Windows
#
# If you would like to submit a bug report, please visit:
#   https://bugreport.java.com/bugreport/crash.jsp
#

---------------  S U M M A R Y ------------

Command Line: HotelReservation

Host: AMD Ryzen 7 4800H with Radeon Graphics         , 16 cores, 7G,  Windows 11 , 64 bit Build 22000 (10.0.22000.708)
Time: Sun Jul 31 10:45:06 2022 India Standard Time elapsed time: 11.585778 seconds (0d 0h 0m 11s)

---------------  T H R E A D  ---------------

Current thread (0x000001787aa76fa0):  JavaThread "main" [_thread_in_vm, id=17548, stack(0x0000002ba4b00000,0x0000002ba4c00000)]

Stack: [0x0000002ba4b00000,0x0000002ba4c00000],  sp=0x0000002ba4bff260,  free space=1020k
Native frames: (J=compiled Java code, j=interpreted, Vv=VM code, C=native code)
V  [jvm.dll+0x401968]
C  [hotel.dll+0xf23a]

Java frames: (J=compiled Java code, j=interpreted, Vv=VM code)
j  HotelReservation.consoleApp()V+0
j  HotelReservation.main([Ljava/lang/String;)V+17
v  ~StubRoutines::call_stub

siginfo: EXCEPTION_ACCESS_VIOLATION (0xc0000005), reading address 0x0000000000000000


Register to memory mapping:

RIP=0x00007ffd8a7a1968 jvm.dll
RAX=0x0 is NULL
RBX=0x000001787aa76fa0 is a thread
RCX=0x5928c0b402f80000 is an unknown value
RDX=0x000001787a8c26e0 points into unknown readable memory: 0x0000000090a41b48 | 48 1b a4 90 00 00 00 00
RSP=0x0000002ba4bff260 is pointing into the stack for thread: 0x000001787aa76fa0
RBP=0x0000002ba4bff368 is pointing into the stack for thread: 0x000001787aa76fa0
RSI=0x0 is NULL
RDI=0x000001787aa77230 points into unknown readable memory: 0x00007ffd8ae64710 | 10 47 e6 8a fd 7f 00 00
R8 =0x0 is NULL
R9 =0x000001787a8d5a70 points into unknown readable memory: 0x0072006f00000002 | 02 00 00 00 6f 00 72 00
R10=0x00007ffd8a7a18c0 jvm.dll
R11=0x0000002ba4bff258 is pointing into the stack for thread: 0x000001787aa76fa0
R12=0x0 is NULL
R13={method} {0x000001781b8002d8} 'consoleApp' '()V' in 'HotelReservation'
R14=0x0000002ba4bff458 is pointing into the stack for thread: 0x000001787aa76fa0
R15=0x000001787aa76fa0 is a thread


Registers:
RAX=0x0000000000000000, RBX=0x000001787aa76fa0, RCX=0x5928c0b402f80000, RDX=0x000001787a8c26e0
RSP=0x0000002ba4bff260, RBP=0x0000002ba4bff368, RSI=0x0000000000000000, RDI=0x000001787aa77230
R8 =0x0000000000000000, R9 =0x000001787a8d5a70, R10=0x00007ffd8a7a18c0, R11=0x0000002ba4bff258
R12=0x0000000000000000, R13=0x000001781b8002d0, R14=0x0000002ba4bff458, R15=0x000001787aa76fa0
RIP=0x00007ffd8a7a1968, EFLAGS=0x0000000000010206

Top of Stack: (sp=0x0000002ba4bff260)
0x0000002ba4bff260:   000001787aa76fa0 0000002ba4bff358
0x0000002ba4bff270:   00007ffddb284a30 00007ffdb720ef86
0x0000002ba4bff280:   0000002ba4bff330 00007ffddb284a30
0x0000002ba4bff290:   00007ffdb72110d8 0000002ba4bff458
0x0000002ba4bff2a0:   00000178078794fe 00007ffdb720236a
0x0000002ba4bff2b0:   000001787aa76fa0 000001787a8cf5f0
0x0000002ba4bff2c0:   0000002b00000450 00007ffd8acd66b0
0x0000002ba4bff2d0:   0000002ba4bff358 0000000000000015
0x0000002ba4bff2e0:   0000002ba4bff358 0000000000000000
0x0000002ba4bff2f0:   000001781b8002d0 00007ffdb720f0d4
0x0000002ba4bff300:   0000002ba4bff458 00007ffdb720f23a
0x0000002ba4bff310:   000001781b8002d0 0000002ba4bff340
0x0000002ba4bff320:   000000000000001d 00000178078794fe
0x0000002ba4bff330:   0000002ba4bff368 0000002ba4bff368
0x0000002ba4bff340:   0000002ba4bff3b0 00007ffdb72015f2
0x0000002ba4bff350:   000001787aa77230 000001787a8c26e0 

Instructions: (pc=0x00007ffd8a7a1968)
0x00007ffd8a7a1868:   4b 10 48 8b 43 08 48 8b d7 48 89 48 10 48 8b 4b
0x00007ffd8a7a1878:   08 48 8b 43 18 48 89 41 18 48 8b 4b 08 48 8b 43
0x00007ffd8a7a1888:   20 48 89 41 20 48 8d 8f 70 02 00 00 e8 97 5d ee
0x00007ffd8a7a1898:   ff c7 87 30 03 00 00 04 00 00 00 48 81 c4 b0 00
0x00007ffd8a7a18a8:   00 00 41 5e 5f 5e 5d 5b c3 cc cc cc cc cc cc cc
0x00007ffd8a7a18b8:   cc cc cc cc cc cc cc cc 48 89 5c 24 08 48 89 6c
0x00007ffd8a7a18c8:   24 10 48 89 74 24 18 48 89 7c 24 20 41 56 48 81
0x00007ffd8a7a18d8:   ec a0 00 00 00 8b 81 c8 00 00 00 48 8d 99 70 fd
0x00007ffd8a7a18e8:   ff ff 05 55 21 ff ff 49 8b e9 49 8b f0 48 8b f9
0x00007ffd8a7a18f8:   83 f8 01 76 0a 48 8b cb e8 7b f8 39 00 33 db c7
0x00007ffd8a7a1908:   83 30 03 00 00 06 00 00 00 e8 fa 8e 28 00 48 8b
0x00007ffd8a7a1918:   83 38 03 00 00 a8 01 74 0a b2 01 48 8b cb e8 75
0x00007ffd8a7a1928:   72 2f 00 8b 83 20 03 00 00 a8 0d 74 0a 33 d2 48
0x00007ffd8a7a1938:   8b cb e8 51 1f 3a 00 48 83 7b 08 00 c7 83 30 03
0x00007ffd8a7a1948:   00 00 06 00 00 00 48 89 5c 24 50 48 c7 44 24 58
0x00007ffd8a7a1958:   00 00 00 00 74 0a 48 8d 4c 24 50 e8 78 21 2c 00
0x00007ffd8a7a1968:   48 8b 16 48 8d 4c 24 70 c7 44 24 40 0e 00 00 00
0x00007ffd8a7a1978:   e8 23 c1 00 00 48 8d 44 24 70 48 89 5c 24 30 48
0x00007ffd8a7a1988:   89 44 24 28 4c 8d 35 a5 4d 53 00 45 33 c9 48 89
0x00007ffd8a7a1998:   74 24 20 45 33 c0 4c 89 74 24 70 48 8d 54 24 40
0x00007ffd8a7a19a8:   48 89 ac 24 98 00 00 00 48 8b cf e8 68 d4 00 00
0x00007ffd8a7a19b8:   48 83 7c 24 58 00 4c 89 74 24 70 48 c7 84 24 98
0x00007ffd8a7a19c8:   00 00 00 00 00 00 00 74 0a 48 8d 4c 24 50 e8 85
0x00007ffd8a7a19d8:   21 2c 00 48 8b bb d0 00 00 00 48 8b 4f 10 48 83
0x00007ffd8a7a19e8:   39 00 74 0c 48 8b cf e8 9c b3 f6 ff 48 8b 4f 10
0x00007ffd8a7a19f8:   48 8b 47 08 48 8b d3 48 89 48 10 48 8b 4f 08 48
0x00007ffd8a7a1a08:   8b 47 18 48 89 41 18 48 8b 4f 08 48 8b 47 20 48
0x00007ffd8a7a1a18:   89 41 20 48 8d 8b 70 02 00 00 e8 09 5c ee ff 4c
0x00007ffd8a7a1a28:   8d 9c 24 a0 00 00 00 c7 83 30 03 00 00 04 00 00
0x00007ffd8a7a1a38:   00 49 8b 5b 10 49 8b 6b 18 49 8b 73 20 49 8b 7b
0x00007ffd8a7a1a48:   28 49 8b e3 41 5e c3 cc 48 89 5c 24 08 48 89 6c
0x00007ffd8a7a1a58:   24 10 48 89 74 24 18 57 48 81 ec a0 00 00 00 8b 


Stack slot to memory mapping:
stack at sp + 0 slots: 0x000001787aa76fa0 is a thread
stack at sp + 1 slots: 0x0000002ba4bff358 is pointing into the stack for thread: 0x000001787aa76fa0
stack at sp + 2 slots: 0x00007ffddb284a30 msvcrt.dll
stack at sp + 3 slots: 0x00007ffdb720ef86 hotel.dll
stack at sp + 4 slots: 0x0000002ba4bff330 is pointing into the stack for thread: 0x000001787aa76fa0
stack at sp + 5 slots: 0x00007ffddb284a30 msvcrt.dll
stack at sp + 6 slots: 0x00007ffdb72110d8 hotel.dll
stack at sp + 7 slots: 0x0000002ba4bff458 is pointing into the stack for thread: 0x000001787aa76fa0


---------------  P R O C E S S  ---------------

Threads class SMR info:
_java_thread_list=0x000001781fedd050, length=12, elements={
0x000001787aa76fa0, 0x000001781b22fa80, 0x000001781b230330, 0x000001781b247bf0,
0x000001781b2484a0, 0x000001781b248d50, 0x000001781b249600, 0x000001781b24b1f0,
0x000001781b24c6f0, 0x000001781b24cfe0, 0x000001781f4d5e20, 0x000001781f4d99a0
}

Java Threads: ( => current thread )
=>0x000001787aa76fa0 JavaThread "main" [_thread_in_vm, id=17548, stack(0x0000002ba4b00000,0x0000002ba4c00000)]
  0x000001781b22fa80 JavaThread "Reference Handler" daemon [_thread_blocked, id=18692, stack(0x0000002ba5200000,0x0000002ba5300000)]
  0x000001781b230330 JavaThread "Finalizer" daemon [_thread_blocked, id=16200, stack(0x0000002ba5300000,0x0000002ba5400000)]
  0x000001781b247bf0 JavaThread "Signal Dispatcher" daemon [_thread_blocked, id=16600, stack(0x0000002ba5400000,0x0000002ba5500000)]
  0x000001781b2484a0 JavaThread "Attach Listener" daemon [_thread_blocked, id=3164, stack(0x0000002ba5500000,0x0000002ba5600000)]
  0x000001781b248d50 JavaThread "Service Thread" daemon [_thread_blocked, id=7844, stack(0x0000002ba5600000,0x0000002ba5700000)]
  0x000001781b249600 JavaThread "Monitor Deflation Thread" daemon [_thread_blocked, id=4848, stack(0x0000002ba5700000,0x0000002ba5800000)]
  0x000001781b24b1f0 JavaThread "C2 CompilerThread0" daemon [_thread_blocked, id=6288, stack(0x0000002ba5800000,0x0000002ba5900000)]
  0x000001781b24c6f0 JavaThread "C1 CompilerThread0" daemon [_thread_blocked, id=9980, stack(0x0000002ba5900000,0x0000002ba5a00000)]
  0x000001781b24cfe0 JavaThread "Sweeper thread" daemon [_thread_blocked, id=3296, stack(0x0000002ba5a00000,0x0000002ba5b00000)]
  0x000001781f4d5e20 JavaThread "Notification Thread" daemon [_thread_blocked, id=21004, stack(0x0000002ba5d00000,0x0000002ba5e00000)]
  0x000001781f4d99a0 JavaThread "Common-Cleaner" daemon [_thread_blocked, id=11168, stack(0x0000002ba5f00000,0x0000002ba6000000)]

Other Threads:
  0x000001787ab05c60 VMThread "VM Thread" [stack: 0x0000002ba5100000,0x0000002ba5200000] [id=19192]
  0x000001781f4d8f10 WatcherThread "VM Periodic Task Thread" [stack: 0x0000002ba5e00000,0x0000002ba5f00000] [id=9536]
  0x000001787aadd5f0 WorkerThread "GC Thread#0" [stack: 0x0000002ba4c00000,0x0000002ba4d00000] [id=3212]
  0x000001787aaed1b0 ConcurrentGCThread "G1 Main Marker" [stack: 0x0000002ba4d00000,0x0000002ba4e00000] [id=20328]
  0x000001787aaedc10 WorkerThread "G1 Conc#0" [stack: 0x0000002ba4e00000,0x0000002ba4f00000] [id=13572]
  0x000001781b0e7400 ConcurrentGCThread "G1 Refine#0" [stack: 0x0000002ba4f00000,0x0000002ba5000000] [id=9472]
  0x000001781b0e8ad0 ConcurrentGCThread "G1 Service" [stack: 0x0000002ba5000000,0x0000002ba5100000] [id=1788]

Threads with active compile tasks:

VM state: not at safepoint (normal execution)

VM Mutex/Monitor currently owned by a thread: None

Heap address: 0x0000000089400000, size: 1900 MB, Compressed Oops mode: 32-bit

CDS archive(s) mapped at: [0x0000000800000000-0x0000000800ba0000-0x0000000800ba0000), size 12189696, SharedBaseAddress: 0x0000000800000000, ArchiveRelocationMode: 0.
Compressed class space mapped at: 0x0000000800c00000-0x0000000840c00000, reserved size: 1073741824
Narrow klass base: 0x0000000800000000, Narrow klass shift: 0, Narrow klass range: 0x100000000

GC Precious Log:
 CardTable entry size: 512
 Card Set container configuration: InlinePtr #cards 5 size 8 Array Of Cards #cards 12 size 40 Howl #buckets 4 coarsen threshold 1843 Howl Bitmap #cards 512 size 80 coarsen threshold 460 Card regions per heap region 1 cards per card region 2048
 CPUs: 16 total, 16 available
 Memory: 7598M
 Large Page Support: Disabled
 NUMA Support: Disabled
 Compressed Oops: Enabled (32-bit)
 Heap Region Size: 1M
 Heap Min Capacity: 8M
 Heap Initial Capacity: 120M
 Heap Max Capacity: 1900M
 Pre-touch: Disabled
 Parallel Workers: 13
 Concurrent Workers: 3
 Concurrent Refinement Workers: 13
 Periodic GC: Disabled

Heap:
 garbage-first heap   total 122880K, used 11264K [0x0000000089400000, 0x0000000100000000)
  region size 1024K, 12 young (12288K), 0 survivors (0K)
 Metaspace       used 4841K, committed 4992K, reserved 1114112K
  class space    used 490K, committed 576K, reserved 1048576K

Heap Regions: E=young(eden), S=young(survivor), O=old, HS=humongous(starts), HC=humongous(continues), CS=collection set, F=free, OA=open archive, CA=closed archive, TAMS=top-at-mark-start (previous, next)
|   0|0x0000000089400000, 0x0000000089400000, 0x0000000089500000|  0%| F|  |TAMS 0x0000000089400000, 0x0000000089400000| Untracked 
|   1|0x0000000089500000, 0x0000000089500000, 0x0000000089600000|  0%| F|  |TAMS 0x0000000089500000, 0x0000000089500000| Untracked 
|   2|0x0000000089600000, 0x0000000089600000, 0x0000000089700000|  0%| F|  |TAMS 0x0000000089600000, 0x0000000089600000| Untracked 
|   3|0x0000000089700000, 0x0000000089700000, 0x0000000089800000|  0%| F|  |TAMS 0x0000000089700000, 0x0000000089700000| Untracked 
|   4|0x0000000089800000, 0x0000000089800000, 0x0000000089900000|  0%| F|  |TAMS 0x0000000089800000, 0x0000000089800000| Untracked 
|   5|0x0000000089900000, 0x0000000089900000, 0x0000000089a00000|  0%| F|  |TAMS 0x0000000089900000, 0x0000000089900000| Untracked 
|   6|0x0000000089a00000, 0x0000000089a00000, 0x0000000089b00000|  0%| F|  |TAMS 0x0000000089a00000, 0x0000000089a00000| Untracked 
|   7|0x0000000089b00000, 0x0000000089b00000, 0x0000000089c00000|  0%| F|  |TAMS 0x0000000089b00000, 0x0000000089b00000| Untracked 
|   8|0x0000000089c00000, 0x0000000089c00000, 0x0000000089d00000|  0%| F|  |TAMS 0x0000000089c00000, 0x0000000089c00000| Untracked 
|   9|0x0000000089d00000, 0x0000000089d00000, 0x0000000089e00000|  0%| F|  |TAMS 0x0000000089d00000, 0x0000000089d00000| Untracked 
|  10|0x0000000089e00000, 0x0000000089e00000, 0x0000000089f00000|  0%| F|  |TAMS 0x0000000089e00000, 0x0000000089e00000| Untracked 
|  11|0x0000000089f00000, 0x0000000089f00000, 0x000000008a000000|  0%| F|  |TAMS 0x0000000089f00000, 0x0000000089f00000| Untracked 
|  12|0x000000008a000000, 0x000000008a000000, 0x000000008a100000|  0%| F|  |TAMS 0x000000008a000000, 0x000000008a000000| Untracked 
|  13|0x000000008a100000, 0x000000008a100000, 0x000000008a200000|  0%| F|  |TAMS 0x000000008a100000, 0x000000008a100000| Untracked 
|  14|0x000000008a200000, 0x000000008a200000, 0x000000008a300000|  0%| F|  |TAMS 0x000000008a200000, 0x000000008a200000| Untracked 
|  15|0x000000008a300000, 0x000000008a300000, 0x000000008a400000|  0%| F|  |TAMS 0x000000008a300000, 0x000000008a300000| Untracked 
|  16|0x000000008a400000, 0x000000008a400000, 0x000000008a500000|  0%| F|  |TAMS 0x000000008a400000, 0x000000008a400000| Untracked 
|  17|0x000000008a500000, 0x000000008a500000, 0x000000008a600000|  0%| F|  |TAMS 0x000000008a500000, 0x000000008a500000| Untracked 
|  18|0x000000008a600000, 0x000000008a600000, 0x000000008a700000|  0%| F|  |TAMS 0x000000008a600000, 0x000000008a600000| Untracked 
|  19|0x000000008a700000, 0x000000008a700000, 0x000000008a800000|  0%| F|  |TAMS 0x000000008a700000, 0x000000008a700000| Untracked 
|  20|0x000000008a800000, 0x000000008a800000, 0x000000008a900000|  0%| F|  |TAMS 0x000000008a800000, 0x000000008a800000| Untracked 
|  21|0x000000008a900000, 0x000000008a900000, 0x000000008aa00000|  0%| F|  |TAMS 0x000000008a900000, 0x000000008a900000| Untracked 
|  22|0x000000008aa00000, 0x000000008aa00000, 0x000000008ab00000|  0%| F|  |TAMS 0x000000008aa00000, 0x000000008aa00000| Untracked 
|  23|0x000000008ab00000, 0x000000008ab00000, 0x000000008ac00000|  0%| F|  |TAMS 0x000000008ab00000, 0x000000008ab00000| Untracked 
|  24|0x000000008ac00000, 0x000000008ac00000, 0x000000008ad00000|  0%| F|  |TAMS 0x000000008ac00000, 0x000000008ac00000| Untracked 
|  25|0x000000008ad00000, 0x000000008ad00000, 0x000000008ae00000|  0%| F|  |TAMS 0x000000008ad00000, 0x000000008ad00000| Untracked 
|  26|0x000000008ae00000, 0x000000008ae00000, 0x000000008af00000|  0%| F|  |TAMS 0x000000008ae00000, 0x000000008ae00000| Untracked 
|  27|0x000000008af00000, 0x000000008af00000, 0x000000008b000000|  0%| F|  |TAMS 0x000000008af00000, 0x000000008af00000| Untracked 
|  28|0x000000008b000000, 0x000000008b000000, 0x000000008b100000|  0%| F|  |TAMS 0x000000008b000000, 0x000000008b000000| Untracked 
|  29|0x000000008b100000, 0x000000008b100000, 0x000000008b200000|  0%| F|  |TAMS 0x000000008b100000, 0x000000008b100000| Untracked 
|  30|0x000000008b200000, 0x000000008b200000, 0x000000008b300000|  0%| F|  |TAMS 0x000000008b200000, 0x000000008b200000| Untracked 
|  31|0x000000008b300000, 0x000000008b300000, 0x000000008b400000|  0%| F|  |TAMS 0x000000008b300000, 0x000000008b300000| Untracked 
|  32|0x000000008b400000, 0x000000008b400000, 0x000000008b500000|  0%| F|  |TAMS 0x000000008b400000, 0x000000008b400000| Untracked 
|  33|0x000000008b500000, 0x000000008b500000, 0x000000008b600000|  0%| F|  |TAMS 0x000000008b500000, 0x000000008b500000| Untracked 
|  34|0x000000008b600000, 0x000000008b600000, 0x000000008b700000|  0%| F|  |TAMS 0x000000008b600000, 0x000000008b600000| Untracked 
|  35|0x000000008b700000, 0x000000008b700000, 0x000000008b800000|  0%| F|  |TAMS 0x000000008b700000, 0x000000008b700000| Untracked 
|  36|0x000000008b800000, 0x000000008b800000, 0x000000008b900000|  0%| F|  |TAMS 0x000000008b800000, 0x000000008b800000| Untracked 
|  37|0x000000008b900000, 0x000000008b900000, 0x000000008ba00000|  0%| F|  |TAMS 0x000000008b900000, 0x000000008b900000| Untracked 
|  38|0x000000008ba00000, 0x000000008ba00000, 0x000000008bb00000|  0%| F|  |TAMS 0x000000008ba00000, 0x000000008ba00000| Untracked 
|  39|0x000000008bb00000, 0x000000008bb00000, 0x000000008bc00000|  0%| F|  |TAMS 0x000000008bb00000, 0x000000008bb00000| Untracked 
|  40|0x000000008bc00000, 0x000000008bc00000, 0x000000008bd00000|  0%| F|  |TAMS 0x000000008bc00000, 0x000000008bc00000| Untracked 
|  41|0x000000008bd00000, 0x000000008bd00000, 0x000000008be00000|  0%| F|  |TAMS 0x000000008bd00000, 0x000000008bd00000| Untracked 
|  42|0x000000008be00000, 0x000000008be00000, 0x000000008bf00000|  0%| F|  |TAMS 0x000000008be00000, 0x000000008be00000| Untracked 
|  43|0x000000008bf00000, 0x000000008bf00000, 0x000000008c000000|  0%| F|  |TAMS 0x000000008bf00000, 0x000000008bf00000| Untracked 
|  44|0x000000008c000000, 0x000000008c000000, 0x000000008c100000|  0%| F|  |TAMS 0x000000008c000000, 0x000000008c000000| Untracked 
|  45|0x000000008c100000, 0x000000008c100000, 0x000000008c200000|  0%| F|  |TAMS 0x000000008c100000, 0x000000008c100000| Untracked 
|  46|0x000000008c200000, 0x000000008c200000, 0x000000008c300000|  0%| F|  |TAMS 0x000000008c200000, 0x000000008c200000| Untracked 
|  47|0x000000008c300000, 0x000000008c300000, 0x000000008c400000|  0%| F|  |TAMS 0x000000008c300000, 0x000000008c300000| Untracked 
|  48|0x000000008c400000, 0x000000008c400000, 0x000000008c500000|  0%| F|  |TAMS 0x000000008c400000, 0x000000008c400000| Untracked 
|  49|0x000000008c500000, 0x000000008c500000, 0x000000008c600000|  0%| F|  |TAMS 0x000000008c500000, 0x000000008c500000| Untracked 
|  50|0x000000008c600000, 0x000000008c600000, 0x000000008c700000|  0%| F|  |TAMS 0x000000008c600000, 0x000000008c600000| Untracked 
|  51|0x000000008c700000, 0x000000008c700000, 0x000000008c800000|  0%| F|  |TAMS 0x000000008c700000, 0x000000008c700000| Untracked 
|  52|0x000000008c800000, 0x000000008c800000, 0x000000008c900000|  0%| F|  |TAMS 0x000000008c800000, 0x000000008c800000| Untracked 
|  53|0x000000008c900000, 0x000000008c900000, 0x000000008ca00000|  0%| F|  |TAMS 0x000000008c900000, 0x000000008c900000| Untracked 
|  54|0x000000008ca00000, 0x000000008ca00000, 0x000000008cb00000|  0%| F|  |TAMS 0x000000008ca00000, 0x000000008ca00000| Untracked 
|  55|0x000000008cb00000, 0x000000008cb00000, 0x000000008cc00000|  0%| F|  |TAMS 0x000000008cb00000, 0x000000008cb00000| Untracked 
|  56|0x000000008cc00000, 0x000000008cc00000, 0x000000008cd00000|  0%| F|  |TAMS 0x000000008cc00000, 0x000000008cc00000| Untracked 
|  57|0x000000008cd00000, 0x000000008cd00000, 0x000000008ce00000|  0%| F|  |TAMS 0x000000008cd00000, 0x000000008cd00000| Untracked 
|  58|0x000000008ce00000, 0x000000008ce00000, 0x000000008cf00000|  0%| F|  |TAMS 0x000000008ce00000, 0x000000008ce00000| Untracked 
|  59|0x000000008cf00000, 0x000000008cf00000, 0x000000008d000000|  0%| F|  |TAMS 0x000000008cf00000, 0x000000008cf00000| Untracked 
|  60|0x000000008d000000, 0x000000008d000000, 0x000000008d100000|  0%| F|  |TAMS 0x000000008d000000, 0x000000008d000000| Untracked 
|  61|0x000000008d100000, 0x000000008d100000, 0x000000008d200000|  0%| F|  |TAMS 0x000000008d100000, 0x000000008d100000| Untracked 
|  62|0x000000008d200000, 0x000000008d200000, 0x000000008d300000|  0%| F|  |TAMS 0x000000008d200000, 0x000000008d200000| Untracked 
|  63|0x000000008d300000, 0x000000008d300000, 0x000000008d400000|  0%| F|  |TAMS 0x000000008d300000, 0x000000008d300000| Untracked 
|  64|0x000000008d400000, 0x000000008d400000, 0x000000008d500000|  0%| F|  |TAMS 0x000000008d400000, 0x000000008d400000| Untracked 
|  65|0x000000008d500000, 0x000000008d500000, 0x000000008d600000|  0%| F|  |TAMS 0x000000008d500000, 0x000000008d500000| Untracked 
|  66|0x000000008d600000, 0x000000008d600000, 0x000000008d700000|  0%| F|  |TAMS 0x000000008d600000, 0x000000008d600000| Untracked 
|  67|0x000000008d700000, 0x000000008d700000, 0x000000008d800000|  0%| F|  |TAMS 0x000000008d700000, 0x000000008d700000| Untracked 
|  68|0x000000008d800000, 0x000000008d800000, 0x000000008d900000|  0%| F|  |TAMS 0x000000008d800000, 0x000000008d800000| Untracked 
|  69|0x000000008d900000, 0x000000008d900000, 0x000000008da00000|  0%| F|  |TAMS 0x000000008d900000, 0x000000008d900000| Untracked 
|  70|0x000000008da00000, 0x000000008da00000, 0x000000008db00000|  0%| F|  |TAMS 0x000000008da00000, 0x000000008da00000| Untracked 
|  71|0x000000008db00000, 0x000000008db00000, 0x000000008dc00000|  0%| F|  |TAMS 0x000000008db00000, 0x000000008db00000| Untracked 
|  72|0x000000008dc00000, 0x000000008dc00000, 0x000000008dd00000|  0%| F|  |TAMS 0x000000008dc00000, 0x000000008dc00000| Untracked 
|  73|0x000000008dd00000, 0x000000008dd00000, 0x000000008de00000|  0%| F|  |TAMS 0x000000008dd00000, 0x000000008dd00000| Untracked 
|  74|0x000000008de00000, 0x000000008de00000, 0x000000008df00000|  0%| F|  |TAMS 0x000000008de00000, 0x000000008de00000| Untracked 
|  75|0x000000008df00000, 0x000000008df00000, 0x000000008e000000|  0%| F|  |TAMS 0x000000008df00000, 0x000000008df00000| Untracked 
|  76|0x000000008e000000, 0x000000008e000000, 0x000000008e100000|  0%| F|  |TAMS 0x000000008e000000, 0x000000008e000000| Untracked 
|  77|0x000000008e100000, 0x000000008e100000, 0x000000008e200000|  0%| F|  |TAMS 0x000000008e100000, 0x000000008e100000| Untracked 
|  78|0x000000008e200000, 0x000000008e200000, 0x000000008e300000|  0%| F|  |TAMS 0x000000008e200000, 0x000000008e200000| Untracked 
|  79|0x000000008e300000, 0x000000008e300000, 0x000000008e400000|  0%| F|  |TAMS 0x000000008e300000, 0x000000008e300000| Untracked 
|  80|0x000000008e400000, 0x000000008e400000, 0x000000008e500000|  0%| F|  |TAMS 0x000000008e400000, 0x000000008e400000| Untracked 
|  81|0x000000008e500000, 0x000000008e500000, 0x000000008e600000|  0%| F|  |TAMS 0x000000008e500000, 0x000000008e500000| Untracked 
|  82|0x000000008e600000, 0x000000008e600000, 0x000000008e700000|  0%| F|  |TAMS 0x000000008e600000, 0x000000008e600000| Untracked 
|  83|0x000000008e700000, 0x000000008e700000, 0x000000008e800000|  0%| F|  |TAMS 0x000000008e700000, 0x000000008e700000| Untracked 
|  84|0x000000008e800000, 0x000000008e800000, 0x000000008e900000|  0%| F|  |TAMS 0x000000008e800000, 0x000000008e800000| Untracked 
|  85|0x000000008e900000, 0x000000008e900000, 0x000000008ea00000|  0%| F|  |TAMS 0x000000008e900000, 0x000000008e900000| Untracked 
|  86|0x000000008ea00000, 0x000000008ea00000, 0x000000008eb00000|  0%| F|  |TAMS 0x000000008ea00000, 0x000000008ea00000| Untracked 
|  87|0x000000008eb00000, 0x000000008eb00000, 0x000000008ec00000|  0%| F|  |TAMS 0x000000008eb00000, 0x000000008eb00000| Untracked 
|  88|0x000000008ec00000, 0x000000008ec00000, 0x000000008ed00000|  0%| F|  |TAMS 0x000000008ec00000, 0x000000008ec00000| Untracked 
|  89|0x000000008ed00000, 0x000000008ed00000, 0x000000008ee00000|  0%| F|  |TAMS 0x000000008ed00000, 0x000000008ed00000| Untracked 
|  90|0x000000008ee00000, 0x000000008ee00000, 0x000000008ef00000|  0%| F|  |TAMS 0x000000008ee00000, 0x000000008ee00000| Untracked 
|  91|0x000000008ef00000, 0x000000008ef00000, 0x000000008f000000|  0%| F|  |TAMS 0x000000008ef00000, 0x000000008ef00000| Untracked 
|  92|0x000000008f000000, 0x000000008f000000, 0x000000008f100000|  0%| F|  |TAMS 0x000000008f000000, 0x000000008f000000| Untracked 
|  93|0x000000008f100000, 0x000000008f100000, 0x000000008f200000|  0%| F|  |TAMS 0x000000008f100000, 0x000000008f100000| Untracked 
|  94|0x000000008f200000, 0x000000008f200000, 0x000000008f300000|  0%| F|  |TAMS 0x000000008f200000, 0x000000008f200000| Untracked 
|  95|0x000000008f300000, 0x000000008f300000, 0x000000008f400000|  0%| F|  |TAMS 0x000000008f300000, 0x000000008f300000| Untracked 
|  96|0x000000008f400000, 0x000000008f400000, 0x000000008f500000|  0%| F|  |TAMS 0x000000008f400000, 0x000000008f400000| Untracked 
|  97|0x000000008f500000, 0x000000008f500000, 0x000000008f600000|  0%| F|  |TAMS 0x000000008f500000, 0x000000008f500000| Untracked 
|  98|0x000000008f600000, 0x000000008f600000, 0x000000008f700000|  0%| F|  |TAMS 0x000000008f600000, 0x000000008f600000| Untracked 
|  99|0x000000008f700000, 0x000000008f700000, 0x000000008f800000|  0%| F|  |TAMS 0x000000008f700000, 0x000000008f700000| Untracked 
| 100|0x000000008f800000, 0x000000008f800000, 0x000000008f900000|  0%| F|  |TAMS 0x000000008f800000, 0x000000008f800000| Untracked 
| 101|0x000000008f900000, 0x000000008f900000, 0x000000008fa00000|  0%| F|  |TAMS 0x000000008f900000, 0x000000008f900000| Untracked 
| 102|0x000000008fa00000, 0x000000008fa00000, 0x000000008fb00000|  0%| F|  |TAMS 0x000000008fa00000, 0x000000008fa00000| Untracked 
| 103|0x000000008fb00000, 0x000000008fb00000, 0x000000008fc00000|  0%| F|  |TAMS 0x000000008fb00000, 0x000000008fb00000| Untracked 
| 104|0x000000008fc00000, 0x000000008fc00000, 0x000000008fd00000|  0%| F|  |TAMS 0x000000008fc00000, 0x000000008fc00000| Untracked 
| 105|0x000000008fd00000, 0x000000008fd00000, 0x000000008fe00000|  0%| F|  |TAMS 0x000000008fd00000, 0x000000008fd00000| Untracked 
| 106|0x000000008fe00000, 0x000000008fe00000, 0x000000008ff00000|  0%| F|  |TAMS 0x000000008fe00000, 0x000000008fe00000| Untracked 
| 107|0x000000008ff00000, 0x000000008ff00000, 0x0000000090000000|  0%| F|  |TAMS 0x000000008ff00000, 0x000000008ff00000| Untracked 
| 108|0x0000000090000000, 0x00000000900ec090, 0x0000000090100000| 92%| E|  |TAMS 0x0000000090000000, 0x0000000090000000| Complete 
| 109|0x0000000090100000, 0x0000000090200000, 0x0000000090200000|100%| E|CS|TAMS 0x0000000090100000, 0x0000000090100000| Complete 
| 110|0x0000000090200000, 0x0000000090300000, 0x0000000090300000|100%| E|CS|TAMS 0x0000000090200000, 0x0000000090200000| Complete 
| 111|0x0000000090300000, 0x0000000090400000, 0x0000000090400000|100%| E|CS|TAMS 0x0000000090300000, 0x0000000090300000| Complete 
| 112|0x0000000090400000, 0x0000000090500000, 0x0000000090500000|100%| E|CS|TAMS 0x0000000090400000, 0x0000000090400000| Complete 
| 113|0x0000000090500000, 0x0000000090600000, 0x0000000090600000|100%| E|CS|TAMS 0x0000000090500000, 0x0000000090500000| Complete 
| 114|0x0000000090600000, 0x0000000090700000, 0x0000000090700000|100%| E|CS|TAMS 0x0000000090600000, 0x0000000090600000| Complete 
| 115|0x0000000090700000, 0x0000000090800000, 0x0000000090800000|100%| E|CS|TAMS 0x0000000090700000, 0x0000000090700000| Complete 
| 116|0x0000000090800000, 0x0000000090900000, 0x0000000090900000|100%| E|CS|TAMS 0x0000000090800000, 0x0000000090800000| Complete 
| 117|0x0000000090900000, 0x0000000090a00000, 0x0000000090a00000|100%| E|CS|TAMS 0x0000000090900000, 0x0000000090900000| Complete 
| 118|0x0000000090a00000, 0x0000000090b00000, 0x0000000090b00000|100%| E|CS|TAMS 0x0000000090a00000, 0x0000000090a00000| Complete 
| 119|0x0000000090b00000, 0x0000000090c00000, 0x0000000090c00000|100%| E|CS|TAMS 0x0000000090b00000, 0x0000000090b00000| Complete 

Card table byte_map: [0x000001787d680000,0x000001787da40000] _byte_map_base: 0x000001787d236000

Marking Bits (Prev, Next): (CMBitMap*) 0x000001787aaddb00, (CMBitMap*) 0x000001787aaddb40
 Prev Bits: [0x000001787de00000, 0x000001787fbb0000)
 Next Bits: [0x0000017816870000, 0x0000017818620000)

Polling page: 0x000001787ab30000

Metaspace:

Usage:
  Non-class:      4.25 MB used.
      Class:    490.57 KB used.
       Both:      4.73 MB used.

Virtual space:
  Non-class space:       64.00 MB reserved,       4.31 MB (  7%) committed,  1 nodes.
      Class space:        1.00 GB reserved,     576.00 KB ( <1%) committed,  1 nodes.
             Both:        1.06 GB reserved,       4.88 MB ( <1%) committed. 

Chunk freelists:
   Non-Class:  2.58 MB
       Class:  3.43 MB
        Both:  6.01 MB

MaxMetaspaceSize: unlimited
CompressedClassSpaceSize: 1.00 GB
Initial GC threshold: 21.00 MB
Current GC threshold: 21.00 MB
CDS: on
MetaspaceReclaimPolicy: balanced
 - commit_granule_bytes: 65536.
 - commit_granule_words: 8192.
 - virtual_space_node_default_size: 8388608.
 - enlarge_chunks_in_place: 1.
 - new_chunks_are_fully_committed: 0.
 - uncommit_free_chunks: 1.
 - use_allocation_guard: 0.


Internal statistics:

num_allocs_failed_limit: 0.
num_arena_births: 66.
num_arena_deaths: 0.
num_vsnodes_births: 2.
num_vsnodes_deaths: 0.
num_space_committed: 78.
num_space_uncommitted: 0.
num_chunks_returned_to_freelist: 0.
num_chunks_taken_from_freelist: 152.
num_chunk_merges: 0.
num_chunk_splits: 96.
num_chunks_enlarged: 64.
num_inconsistent_stats: 0.

CodeHeap 'non-profiled nmethods': size=119168Kb used=301Kb max_used=301Kb free=118866Kb
 bounds [0x000001780f410000, 0x000001780f680000, 0x0000017816870000]
CodeHeap 'profiled nmethods': size=119104Kb used=1554Kb max_used=1554Kb free=117549Kb
 bounds [0x0000017807fc0000, 0x0000017808230000, 0x000001780f410000]
CodeHeap 'non-nmethods': size=7488Kb used=1178Kb max_used=2905Kb free=6310Kb
 bounds [0x0000017807870000, 0x0000017807bd0000, 0x0000017807fc0000]
 total_blobs=1348 nmethods=885 adapters=376
 compilation: enabled
              stopped_count=0, restarted_count=0
 full_count=0

Compilation events (20 events):
Event: 11.573 Thread 0x000001781b24c6f0  873       3       java.lang.invoke.LambdaForm$NamedFunction::returnType (11 bytes)
Event: 11.573 Thread 0x000001781b24c6f0 nmethod 873 0x000001780813d310 code [0x000001780813d500, 0x000001780813d968]
Event: 11.573 Thread 0x000001781b24c6f0  881       3       java.util.ImmutableCollections$ListN::get (7 bytes)
Event: 11.573 Thread 0x000001781b24c6f0 nmethod 881 0x000001780813db90 code [0x000001780813dd20, 0x000001780813de58]
Event: 11.573 Thread 0x000001781b24c6f0  870       3       jdk.internal.org.objectweb.asm.Frame::pop (42 bytes)
Event: 11.573 Thread 0x000001781b24c6f0 nmethod 870 0x000001780813df10 code [0x000001780813e0c0, 0x000001780813e278]
Event: 11.573 Thread 0x000001781b24c6f0  868       3       jdk.internal.org.objectweb.asm.SymbolTable::hash (20 bytes)
Event: 11.574 Thread 0x000001781b24c6f0 nmethod 868 0x000001780813e390 code [0x000001780813e540, 0x000001780813e708]
Event: 11.574 Thread 0x000001781b24c6f0  878       3       jdk.internal.org.objectweb.asm.Frame::getAbstractTypeFromDescriptor (415 bytes)
Event: 11.575 Thread 0x000001781b24c6f0 nmethod 878 0x000001780813e890 code [0x000001780813ec20, 0x00000178081407d8]
Event: 11.575 Thread 0x000001781b24c6f0  875       3       jdk.internal.org.objectweb.asm.ByteVector::putByteArray (49 bytes)
Event: 11.575 Thread 0x000001781b24c6f0 nmethod 875 0x0000017808141090 code [0x0000017808141240, 0x0000017808141518]
Event: 11.575 Thread 0x000001781b24c6f0  880       3       java.lang.invoke.MethodHandles$Lookup::isClassAccessible (53 bytes)
Event: 11.575 Thread 0x000001781b24c6f0 nmethod 880 0x0000017808141610 code [0x0000017808141820, 0x0000017808141df8]
Event: 11.575 Thread 0x000001781b24c6f0  883       3       java.lang.invoke.InvokerBytecodeGenerator::emitPushArgument (150 bytes)
Event: 11.576 Thread 0x000001781b24c6f0 nmethod 883 0x0000017808142010 code [0x00000178081422e0, 0x00000178081431c8]
Event: 11.576 Thread 0x000001781b24c6f0  884       3       java.lang.invoke.InvokerBytecodeGenerator::emitLoadInsn (21 bytes)
Event: 11.576 Thread 0x000001781b24c6f0 nmethod 884 0x0000017808143590 code [0x0000017808143740, 0x0000017808143998]
Event: 11.576 Thread 0x000001781b24c6f0  885       3       java.lang.invoke.InvokerBytecodeGenerator::loadInsnOpcode (98 bytes)
Event: 11.576 Thread 0x000001781b24c6f0 nmethod 885 0x0000017808143b10 code [0x0000017808143d80, 0x0000017808144798]

GC Heap History (0 events):
No events

Deoptimization events (20 events):
Event: 5.937 Thread 0x000001787aa76fa0 DEOPT PACKING pc=0x00000178080caffe sp=0x0000002ba4bfdb20
Event: 5.937 Thread 0x000001787aa76fa0 DEOPT UNPACKING pc=0x00000178078c2b43 sp=0x0000002ba4bfcf78 mode 0
Event: 5.938 Thread 0x000001787aa76fa0 DEOPT PACKING pc=0x00000178080caffe sp=0x0000002ba4bfdb50
Event: 5.938 Thread 0x000001787aa76fa0 DEOPT UNPACKING pc=0x00000178078c2b43 sp=0x0000002ba4bfcfa8 mode 0
Event: 5.938 Thread 0x000001787aa76fa0 DEOPT PACKING pc=0x00000178080caffe sp=0x0000002ba4bfdb20
Event: 5.938 Thread 0x000001787aa76fa0 DEOPT UNPACKING pc=0x00000178078c2b43 sp=0x0000002ba4bfcf78 mode 0
Event: 5.938 Thread 0x000001787aa76fa0 DEOPT PACKING pc=0x00000178080caffe sp=0x0000002ba4bfdb50
Event: 5.938 Thread 0x000001787aa76fa0 DEOPT UNPACKING pc=0x00000178078c2b43 sp=0x0000002ba4bfcfa8 mode 0
Event: 5.938 Thread 0x000001787aa76fa0 DEOPT PACKING pc=0x00000178080caffe sp=0x0000002ba4bfdb20
Event: 5.938 Thread 0x000001787aa76fa0 DEOPT UNPACKING pc=0x00000178078c2b43 sp=0x0000002ba4bfcf78 mode 0
Event: 5.938 Thread 0x000001787aa76fa0 DEOPT PACKING pc=0x00000178080caffe sp=0x0000002ba4bfdb50
Event: 5.938 Thread 0x000001787aa76fa0 DEOPT UNPACKING pc=0x00000178078c2b43 sp=0x0000002ba4bfcfa8 mode 0
Event: 5.964 Thread 0x000001787aa76fa0 Uncommon trap: trap_request=0xffffff45 fr.pc=0x000001780f43f788 relative=0x0000000000000348
Event: 5.964 Thread 0x000001787aa76fa0 Uncommon trap: reason=unstable_if action=reinterpret pc=0x000001780f43f788 method=java.lang.Integer.parseInt(Ljava/lang/String;I)I @ 119 c2
Event: 5.964 Thread 0x000001787aa76fa0 DEOPT PACKING pc=0x000001780f43f788 sp=0x0000002ba4bfe690
Event: 5.964 Thread 0x000001787aa76fa0 DEOPT UNPACKING pc=0x00000178078c23a3 sp=0x0000002ba4bfe5f8 mode 2
Event: 5.970 Thread 0x000001787aa76fa0 Uncommon trap: trap_request=0xffffff45 fr.pc=0x000001780f43cb60 relative=0x00000000000000c0
Event: 5.970 Thread 0x000001787aa76fa0 Uncommon trap: reason=unstable_if action=reinterpret pc=0x000001780f43cb60 method=java.lang.CharacterDataLatin1.digit(II)I @ 7 c2
Event: 5.970 Thread 0x000001787aa76fa0 DEOPT PACKING pc=0x000001780f43cb60 sp=0x0000002ba4bfe3c0
Event: 5.971 Thread 0x000001787aa76fa0 DEOPT UNPACKING pc=0x00000178078c23a3 sp=0x0000002ba4bfe280 mode 2

Classes loaded (20 events):
Event: 11.557 Loading class java/util/Formatter$FixedString
Event: 11.557 Loading class java/util/Formatter$FixedString done
Event: 11.559 Loading class java/util/TimerTask
Event: 11.559 Loading class java/util/TimerTask done
Event: 11.559 Loading class java/util/concurrent/atomic/AtomicReferenceFieldUpdater
Event: 11.559 Loading class java/util/concurrent/atomic/AtomicReferenceFieldUpdater done
Event: 11.559 Loading class java/util/concurrent/atomic/AtomicReferenceFieldUpdater$AtomicReferenceFieldUpdaterImpl
Event: 11.560 Loading class java/util/concurrent/atomic/AtomicReferenceFieldUpdater$AtomicReferenceFieldUpdaterImpl done
Event: 11.560 Loading class java/util/concurrent/atomic/AtomicReferenceFieldUpdater$AtomicReferenceFieldUpdaterImpl$1
Event: 11.560 Loading class java/util/concurrent/atomic/AtomicReferenceFieldUpdater$AtomicReferenceFieldUpdaterImpl$1 done
Event: 11.560 Loading class sun/reflect/misc/ReflectUtil
Event: 11.560 Loading class sun/reflect/misc/ReflectUtil done
Event: 11.564 Loading class java/lang/invoke/DirectMethodHandle$Special
Event: 11.564 Loading class java/lang/invoke/DirectMethodHandle$Special done
Event: 11.568 Loading class java/net/UnknownHostException
Event: 11.568 Loading class java/net/UnknownHostException done
Event: 11.569 Loading class java/io/CharArrayReader
Event: 11.569 Loading class java/io/CharArrayReader done
Event: 11.569 Loading class java/math/BigDecimal
Event: 11.569 Loading class java/math/BigDecimal done

Classes unloaded (0 events):
No events

Classes redefined (0 events):
No events

Internal exceptions (10 events):
Event: 0.082 Thread 0x000001787aa76fa0 Exception <a 'java/lang/NoSuchMethodError'{0x000000009094f0d8}: static LDb;.getAvailableRooms()V> (0x000000009094f0d8) 
thrown [s\open\src\hotspot\share\prims\jni.cpp, line 1104]
Event: 5.625 Thread 0x000001787aa76fa0 Exception <a 'java/lang/NoSuchMethodError'{0x0000000090879c58}: 'java.lang.Object java.lang.invoke.DirectMethodHandle$Holder.invokeVirtual(java.lang.Object, java.lang.Object, java.lang.Object, java.lang.Object)'> (0x0000000090879c58) 
thrown [s\open\src\hotspot\share\interpreter\linkResolver.cpp, line 759]
Event: 5.626 Thread 0x000001787aa76fa0 Exception <a 'java/lang/NoSuchMethodError'{0x00000000908825e8}: 'void java.lang.invoke.DirectMethodHandle$Holder.invokeStatic(java.lang.Object, java.lang.Object, java.lang.Object, java.lang.Object)'> (0x00000000908825e8) 
thrown [s\open\src\hotspot\share\interpreter\linkResolver.cpp, line 759]
Event: 5.661 Thread 0x000001787aa76fa0 Exception <a 'java/lang/NoSuchMethodError'{0x0000000090738cb8}: 'void java.lang.invoke.DirectMethodHandle$Holder.invokeStatic(java.lang.Object, java.lang.Object)'> (0x0000000090738cb8) 
thrown [s\open\src\hotspot\share\interpreter\linkResolver.cpp, line 759]
Event: 5.669 Thread 0x000001787aa76fa0 Exception <a 'java/lang/NoSuchMethodError'{0x0000000090769578}: 'java.lang.Object java.lang.invoke.DirectMethodHandle$Holder.invokeStaticInit(java.lang.Object)'> (0x0000000090769578) 
thrown [s\open\src\hotspot\share\interpreter\linkResolver.cpp, line 759]
Event: 5.680 Thread 0x000001787aa76fa0 Exception <a 'java/lang/NoSuchMethodError'{0x00000000907860e0}: 'int java.lang.invoke.DirectMethodHandle$Holder.invokeSpecial(java.lang.Object, java.lang.Object, java.lang.Object)'> (0x00000000907860e0) 
thrown [s\open\src\hotspot\share\interpreter\linkResolver.cpp, line 759]
Event: 5.830 Thread 0x000001787aa76fa0 Exception <a 'java/lang/NoSuchMethodError'{0x0000000090671720}: 'java.lang.Object java.lang.invoke.DirectMethodHandle$Holder.invokeStaticInit(java.lang.Object, int, int, int, int)'> (0x0000000090671720) 
thrown [s\open\src\hotspot\share\interpreter\linkResolver.cpp, line 759]
Event: 5.869 Thread 0x000001787aa76fa0 Exception <a 'java/lang/NoSuchMethodError'{0x00000000905eb288}: 'java.lang.Object java.lang.invoke.DirectMethodHandle$Holder.invokeStaticInit(java.lang.Object, java.lang.Object, int, int, int, int)'> (0x00000000905eb288) 
thrown [s\open\src\hotspot\share\interpreter\linkResolver.cpp, line 759]
Event: 5.906 Thread 0x000001787aa76fa0 Exception <a 'sun/nio/fs/WindowsException'{0x0000000090356ae0}> (0x0000000090356ae0) 
thrown [s\open\src\hotspot\share\prims\jni.cpp, line 516]
Event: 5.939 Thread 0x000001787aa76fa0 Exception <a 'java/lang/NoSuchMethodError'{0x00000000903a21e8}: 'void java.lang.invoke.DirectMethodHandle$Holder.invokeStatic(java.lang.Object, java.lang.Object, java.lang.Object)'> (0x00000000903a21e8) 
thrown [s\open\src\hotspot\share\interpreter\linkResolver.cpp, line 759]

VM Operations (20 events):
Event: 1.016 Executing VM operation: Cleanup
Event: 1.016 Executing VM operation: Cleanup done
Event: 5.594 Executing VM operation: HandshakeAllThreads
Event: 5.594 Executing VM operation: HandshakeAllThreads done
Event: 5.631 Executing VM operation: HandshakeAllThreads
Event: 5.631 Executing VM operation: HandshakeAllThreads done
Event: 5.631 Executing VM operation: Cleanup
Event: 5.632 Executing VM operation: Cleanup done
Event: 5.649 Executing VM operation: HandshakeAllThreads
Event: 5.649 Executing VM operation: HandshakeAllThreads done
Event: 5.822 Executing VM operation: HandshakeAllThreads
Event: 5.822 Executing VM operation: HandshakeAllThreads done
Event: 5.907 Executing VM operation: HandshakeAllThreads
Event: 5.907 Executing VM operation: HandshakeAllThreads done
Event: 5.957 Executing VM operation: HandshakeAllThreads
Event: 5.957 Executing VM operation: HandshakeAllThreads done
Event: 6.957 Executing VM operation: Cleanup
Event: 6.958 Executing VM operation: Cleanup done
Event: 8.969 Executing VM operation: Cleanup
Event: 8.969 Executing VM operation: Cleanup done

Events (20 events):
Event: 0.040 Thread 0x000001781f4d99a0 Thread added: 0x000001781f4d99a0
Event: 0.044 Loaded shared library C:\Program Files\Java\jdk-18.0.2\bin\net.dll
Event: 0.047 Loaded shared library C:\Program Files\Java\jdk-18.0.2\bin\nio.dll
Event: 0.051 Loaded shared library C:\Program Files\Java\jdk-18.0.2\bin\zip.dll
Event: 0.055 Loaded shared library C:\Users\Maran\Desktop\hari\hotelreservation\hotel.dll
Event: 0.070 Loaded shared library C:\Program Files\Java\jdk-18.0.2\bin\jimage.dll
Event: 5.080 Thread 0x000001781f4bac70 Thread exited: 0x000001781f4bac70
Event: 5.080 Thread 0x000001781f4b8360 Thread exited: 0x000001781f4b8360
Event: 5.671 Loaded shared library C:\Program Files\Java\jdk-18.0.2\bin\management.dll
Event: 5.674 Loaded shared library C:\Program Files\Java\jdk-18.0.2\bin\management_ext.dll
Event: 5.809 Thread 0x000001781f6b8c80 Thread added: 0x000001781f6b8c80
Event: 5.809 Thread 0x000001781f70a080 Thread added: 0x000001781f70a080
Event: 5.864 Thread 0x000001781f768340 Thread added: 0x000001781f768340
Event: 5.868 Thread 0x000001781fbdff40 Thread added: 0x000001781fbdff40
Event: 5.983 Thread 0x000001781fdd99d0 Thread added: 0x000001781fdd99d0
Event: 10.984 Thread 0x000001781f768340 Thread exited: 0x000001781f768340
Event: 10.984 Thread 0x000001781fbdff40 Thread exited: 0x000001781fbdff40
Event: 10.984 Thread 0x000001781fdd99d0 Thread exited: 0x000001781fdd99d0
Event: 10.984 Thread 0x000001781f70a080 Thread exited: 0x000001781f70a080
Event: 10.984 Thread 0x000001781f6b8c80 Thread exited: 0x000001781f6b8c80


Dynamic libraries:
0x00007ff7bc5e0000 - 0x00007ff7bc5f0000 	C:\Program Files\Java\jdk-18.0.2\bin\java.exe
0x00007ffddd360000 - 0x00007ffddd569000 	C:\Windows\SYSTEM32\ntdll.dll
0x00007ffddbe10000 - 0x00007ffddbecd000 	C:\Windows\System32\KERNEL32.DLL
0x00007ffddaca0000 - 0x00007ffddb01d000 	C:\Windows\System32\KERNELBASE.dll
0x00007ffddab80000 - 0x00007ffddac91000 	C:\Windows\System32\ucrtbase.dll
0x00007ffdcb330000 - 0x00007ffdcb348000 	C:\Program Files\Java\jdk-18.0.2\bin\jli.dll
0x00007ffdca630000 - 0x00007ffdca64a000 	C:\Program Files\Java\jdk-18.0.2\bin\VCRUNTIME140.dll
0x00007ffddc6c0000 - 0x00007ffddc76e000 	C:\Windows\System32\ADVAPI32.dll
0x00007ffddb1f0000 - 0x00007ffddb293000 	C:\Windows\System32\msvcrt.dll
0x00007ffddcd10000 - 0x00007ffddcdae000 	C:\Windows\System32\sechost.dll
0x00007ffddb2a0000 - 0x00007ffddb3c0000 	C:\Windows\System32\RPCRT4.dll
0x00007ffddc040000 - 0x00007ffddc1ed000 	C:\Windows\System32\USER32.dll
0x00007ffdda960000 - 0x00007ffdda986000 	C:\Windows\System32\win32u.dll
0x00007ffddbd30000 - 0x00007ffddbd59000 	C:\Windows\System32\GDI32.dll
0x00007ffdc6f40000 - 0x00007ffdc71e5000 	C:\Windows\WinSxS\amd64_microsoft.windows.common-controls_6595b64144ccf1df_6.0.22000.120_none_9d947278b86cc467\COMCTL32.dll
0x00007ffdda840000 - 0x00007ffdda958000 	C:\Windows\System32\gdi32full.dll
0x00007ffddb020000 - 0x00007ffddb0bd000 	C:\Windows\System32\msvcp_win.dll
0x00007ffdd28c0000 - 0x00007ffdd28ca000 	C:\Windows\SYSTEM32\VERSION.dll
0x00007ffddb520000 - 0x00007ffddb551000 	C:\Windows\System32\IMM32.DLL
0x00007ffdcabf0000 - 0x00007ffdcabfc000 	C:\Program Files\Java\jdk-18.0.2\bin\vcruntime140_1.dll
0x00007ffda0580000 - 0x00007ffda060d000 	C:\Program Files\Java\jdk-18.0.2\bin\msvcp140.dll
0x00007ffd8a3a0000 - 0x00007ffd8afb1000 	C:\Program Files\Java\jdk-18.0.2\bin\server\jvm.dll
0x00007ffddcdb0000 - 0x00007ffddcdb8000 	C:\Windows\System32\PSAPI.DLL
0x00007ffdd4400000 - 0x00007ffdd4433000 	C:\Windows\SYSTEM32\WINMM.dll
0x00007ffdc3150000 - 0x00007ffdc3159000 	C:\Windows\SYSTEM32\WSOCK32.dll
0x00007ffddb3c0000 - 0x00007ffddb42f000 	C:\Windows\System32\WS2_32.dll
0x00007ffdd9a30000 - 0x00007ffdd9a48000 	C:\Windows\SYSTEM32\kernel.appcore.dll
0x00007ffdca770000 - 0x00007ffdca77a000 	C:\Program Files\Java\jdk-18.0.2\bin\jimage.dll
0x00007ffdd2590000 - 0x00007ffdd27b1000 	C:\Windows\SYSTEM32\DBGHELP.DLL
0x00007ffdd1ac0000 - 0x00007ffdd1af1000 	C:\Windows\SYSTEM32\dbgcore.DLL
0x00007ffdda990000 - 0x00007ffddaa0f000 	C:\Windows\System32\bcryptPrimitives.dll
0x00007ffdca5c0000 - 0x00007ffdca5e5000 	C:\Program Files\Java\jdk-18.0.2\bin\java.dll
0x00007ffda0360000 - 0x00007ffda0436000 	C:\Program Files\Java\jdk-18.0.2\bin\jsvml.dll
0x00007ffddb570000 - 0x00007ffddbd28000 	C:\Windows\System32\SHELL32.dll
0x00007ffdd89c0000 - 0x00007ffdd9228000 	C:\Windows\SYSTEM32\windows.storage.dll
0x00007ffddceb0000 - 0x00007ffddd229000 	C:\Windows\System32\combase.dll
0x00007ffdd8850000 - 0x00007ffdd89b6000 	C:\Windows\SYSTEM32\wintypes.dll
0x00007ffddd230000 - 0x00007ffddd31a000 	C:\Windows\System32\SHCORE.dll
0x00007ffddce50000 - 0x00007ffddcead000 	C:\Windows\System32\shlwapi.dll
0x00007ffdda770000 - 0x00007ffdda791000 	C:\Windows\SYSTEM32\profapi.dll
0x00007ffdc5460000 - 0x00007ffdc5473000 	C:\Program Files\Java\jdk-18.0.2\bin\net.dll
0x00007ffdd68b0000 - 0x00007ffdd69bc000 	C:\Windows\SYSTEM32\WINHTTP.dll
0x00007ffdd9e60000 - 0x00007ffdd9ec7000 	C:\Windows\system32\mswsock.dll
0x00007ffdbe1b0000 - 0x00007ffdbe1c6000 	C:\Program Files\Java\jdk-18.0.2\bin\nio.dll
0x00007ffdb99d0000 - 0x00007ffdb99e8000 	C:\Program Files\Java\jdk-18.0.2\bin\zip.dll
0x00007ffdb7200000 - 0x00007ffdb725e000 	C:\Users\Maran\Desktop\hari\hotelreservation\hotel.dll
0x00007ffdd9580000 - 0x00007ffdd9668000 	C:\Windows\SYSTEM32\DNSAPI.dll
0x00007ffdd9550000 - 0x00007ffdd957d000 	C:\Windows\SYSTEM32\IPHLPAPI.DLL
0x00007ffddcad0000 - 0x00007ffddcad9000 	C:\Windows\System32\NSI.dll
0x00007ffdd4930000 - 0x00007ffdd493a000 	C:\Windows\System32\rasadhlp.dll
0x00007ffdd48a0000 - 0x00007ffdd4921000 	C:\Windows\System32\fwpuclnt.dll
0x00007ffdd4570000 - 0x00007ffdd4579000 	C:\Program Files\Java\jdk-18.0.2\bin\management.dll
0x00007ffdca620000 - 0x00007ffdca62b000 	C:\Program Files\Java\jdk-18.0.2\bin\management_ext.dll
0x00007ffdda0a0000 - 0x00007ffdda0b8000 	C:\Windows\SYSTEM32\CRYPTSP.dll
0x00007ffdd9990000 - 0x00007ffdd99c5000 	C:\Windows\system32\rsaenh.dll
0x00007ffdd9f50000 - 0x00007ffdd9f79000 	C:\Windows\SYSTEM32\USERENV.dll
0x00007ffdda220000 - 0x00007ffdda247000 	C:\Windows\SYSTEM32\bcrypt.dll
0x00007ffdda0c0000 - 0x00007ffdda0cc000 	C:\Windows\SYSTEM32\CRYPTBASE.dll
0x00007ffdd55a0000 - 0x00007ffdd55b9000 	C:\Windows\SYSTEM32\dhcpcsvc6.DLL
0x00007ffdd5a50000 - 0x00007ffdd5a6e000 	C:\Windows\SYSTEM32\dhcpcsvc.DLL

dbghelp: loaded successfully - version: 4.0.5 - missing functions: none
symbol engine: initialized successfully - sym options: 0x614 - pdb path: .;C:\Program Files\Java\jdk-18.0.2\bin;C:\Windows\SYSTEM32;C:\Windows\WinSxS\amd64_microsoft.windows.common-controls_6595b64144ccf1df_6.0.22000.120_none_9d947278b86cc467;C:\Program Files\Java\jdk-18.0.2\bin\server;C:\Users\Maran\Desktop\hari\hotelreservation

VM Arguments:
java_command: HotelReservation
java_class_path (initial): C:\Users\Maran\Desktop\hari\hotelreservation\postgresql-42.4.0.jar;C:\Users\Maran\Desktop\hari\hotelreservation\
Launcher Type: SUN_STANDARD

[Global flags]
     intx CICompilerCount                          = 12                                        {product} {ergonomic}
     uint ConcGCThreads                            = 3                                         {product} {ergonomic}
     uint G1ConcRefinementThreads                  = 13                                        {product} {ergonomic}
   size_t G1HeapRegionSize                         = 1048576                                   {product} {ergonomic}
    uintx GCDrainStackTargetSize                   = 64                                        {product} {ergonomic}
   size_t InitialHeapSize                          = 125829120                                 {product} {ergonomic}
   size_t MarkStackSize                            = 4194304                                   {product} {ergonomic}
   size_t MaxHeapSize                              = 1992294400                                {product} {ergonomic}
   size_t MaxNewSize                               = 1195376640                                {product} {ergonomic}
   size_t MinHeapDeltaBytes                        = 1048576                                   {product} {ergonomic}
   size_t MinHeapSize                              = 8388608                                   {product} {ergonomic}
    uintx NonNMethodCodeHeapSize                   = 7602480                                {pd product} {ergonomic}
    uintx NonProfiledCodeHeapSize                  = 122027880                              {pd product} {ergonomic}
    uintx ProfiledCodeHeapSize                     = 122027880                              {pd product} {ergonomic}
    uintx ReservedCodeCacheSize                    = 251658240                              {pd product} {ergonomic}
     bool SegmentedCodeCache                       = true                                      {product} {ergonomic}
   size_t SoftMaxHeapSize                          = 1992294400                             {manageable} {ergonomic}
     bool UseCompressedClassPointers               = true                           {product lp64_product} {ergonomic}
     bool UseCompressedOops                        = true                           {product lp64_product} {ergonomic}
     bool UseG1GC                                  = true                                      {product} {ergonomic}
     bool UseLargePagesIndividualAllocation        = false                                  {pd product} {ergonomic}

Logging:
Log output configuration:
 #0: stdout all=warning uptime,level,tags foldmultilines=false
 #1: stderr all=off uptime,level,tags foldmultilines=false

Environment Variables:
JAVA_HOME=C:\Program Files\Java\jdk-18.0.2
PATH=C:\Program Files\Common Files\Oracle\Java\javapath;C:\Windows\system32;C:\Windows;C:\Windows\System32\Wbem;C:\Windows\System32\WindowsPowerShell\v1.0\;C:\Windows\System32\OpenSSH\;C:\Program Files (x86)\NVIDIA Corporation\PhysX\Common;C:\Program Files\NVIDIA Corporation\NVIDIA NvDLISR;C:\Program Files\Microsoft VS Code\bin;C:\Program Files\Microsoft SQL Server\150\Tools\Binn\;C:\Program Files\PostgreSQL\14\bin;C:\Users\Maran\Desktop\hari\MinGW\bin;C:\Users\Maran\AppData\Local\Microsoft\WindowsApps
USERNAME=Maran
LANG=en_US.UTF-8
OS=Windows_NT
PROCESSOR_IDENTIFIER=AMD64 Family 23 Model 96 Stepping 1, AuthenticAMD



---------------  S Y S T E M  ---------------

OS:
 Windows 11 , 64 bit Build 22000 (10.0.22000.708)
OS uptime: 0 days 18:12 hours

CPU: total 16 (initial active 16) (16 cores per cpu, 2 threads per core) family 23 model 96 stepping 1 microcode 0x0, cx8, cmov, fxsr, ht, mmx, 3dnowpref, sse, sse2, sse3, ssse3, sse4a, sse4.1, sse4.2, popcnt, lzcnt, tsc, tscinvbit, avx, avx2, aes, clmul, bmi1, bmi2, adx, sha, fma, vzeroupper, clflush, clflushopt

Memory: 4k page, system-wide physical 7598M (2872M free)
TotalPageFile size 15022M (AvailPageFile size 6075M)
current process WorkingSet (physical memory assigned to process): 53M, peak: 60M
current process commit charge ("private bytes"): 220M, peak: 227M

vm_info: Java HotSpot(TM) 64-Bit Server VM (18.0.2+9-61) for windows-amd64 JRE (18.0.2+9-61), built on Jun  7 2022 13:09:01 by "mach5one" with MS VC++ 16.8 / 16.9 (VS2019)

END.
